  [1m[35m (76.3ms)[0m  [1m[35mCREATE TABLE "schema_migrations" ("version" varchar NOT NULL PRIMARY KEY)[0m
  [1m[35m (62.4ms)[0m  [1m[35mCREATE TABLE "ar_internal_metadata" ("key" varchar NOT NULL PRIMARY KEY, "value" varchar, "created_at" datetime NOT NULL, "updated_at" datetime NOT NULL)[0m
  [1m[36mActiveRecord::SchemaMigration Load (0.2ms)[0m  [1m[34mSELECT "schema_migrations".* FROM "schema_migrations"[0m
Migrating to CreateUsers (20161014113222)
  [1m[35m (0.1ms)[0m  [1m[36mbegin transaction[0m
  [1m[35m (0.5ms)[0m  [1m[35mCREATE TABLE "users" ("id" INTEGER PRIMARY KEY AUTOINCREMENT NOT NULL, "name" varchar, "email" varchar, "created_at" datetime NOT NULL, "updated_at" datetime NOT NULL)[0m
  [1m[35mSQL (0.2ms)[0m  [1m[32mINSERT INTO "schema_migrations" ("version") VALUES (?)[0m  [["version", "20161014113222"]]
  [1m[35m (80.6ms)[0m  [1m[36mcommit transaction[0m
  [1m[36mActiveRecord::InternalMetadata Load (0.2ms)[0m  [1m[34mSELECT  "ar_internal_metadata".* FROM "ar_internal_metadata" WHERE "ar_internal_metadata"."key" = ? LIMIT ?[0m  [["key", :environment], ["LIMIT", 1]]
  [1m[35m (0.1ms)[0m  [1m[36mbegin transaction[0m
  [1m[35mSQL (0.3ms)[0m  [1m[32mINSERT INTO "ar_internal_metadata" ("key", "value", "created_at", "updated_at") VALUES (?, ?, ?, ?)[0m  [["key", "environment"], ["value", "development"], ["created_at", 2016-10-14 11:32:29 UTC], ["updated_at", 2016-10-14 11:32:29 UTC]]
  [1m[35m (45.8ms)[0m  [1m[36mcommit transaction[0m
  [1m[36mActiveRecord::SchemaMigration Load (0.1ms)[0m  [1m[34mSELECT "schema_migrations".* FROM "schema_migrations"[0m
Started GET "/rails/mailers/example_mailer/sample_mail_preview" for 127.0.0.1 at 2016-10-14 17:11:38 +0530
  [1m[36mActiveRecord::SchemaMigration Load (0.2ms)[0m  [1m[34mSELECT "schema_migrations".* FROM "schema_migrations"[0m
Processing by Rails::MailersController#preview as HTML
  Parameters: {"internal"=>true, "path"=>"example_mailer/sample_mail_preview"}
  [1m[36mUser Load (0.2ms)[0m  [1m[34mSELECT  "users".* FROM "users" ORDER BY "users"."id" ASC LIMIT ?[0m  [["LIMIT", 1]]
ExampleMailer#sample_email: processed outbound mail in 1.4ms
Completed 500 Internal Server Error in 419ms (ActiveRecord: 1.1ms)


  
NoMethodError (undefined method `email' for nil:NilClass):
  
app/mailers/example_mailer.rb:6:in `sample_email'
  Rendering /home/sunil/.rbenv/versions/2.3.1/lib/ruby/gems/2.3.0/gems/actionpack-5.0.0.1/lib/action_dispatch/middleware/templates/rescues/diagnostics.html.erb within rescues/layout
  Rendering /home/sunil/.rbenv/versions/2.3.1/lib/ruby/gems/2.3.0/gems/actionpack-5.0.0.1/lib/action_dispatch/middleware/templates/rescues/_source.html.erb
  Rendered /home/sunil/.rbenv/versions/2.3.1/lib/ruby/gems/2.3.0/gems/actionpack-5.0.0.1/lib/action_dispatch/middleware/templates/rescues/_source.html.erb (3.8ms)
  Rendering /home/sunil/.rbenv/versions/2.3.1/lib/ruby/gems/2.3.0/gems/actionpack-5.0.0.1/lib/action_dispatch/middleware/templates/rescues/_trace.html.erb
  Rendered /home/sunil/.rbenv/versions/2.3.1/lib/ruby/gems/2.3.0/gems/actionpack-5.0.0.1/lib/action_dispatch/middleware/templates/rescues/_trace.html.erb (1.7ms)
  Rendering /home/sunil/.rbenv/versions/2.3.1/lib/ruby/gems/2.3.0/gems/actionpack-5.0.0.1/lib/action_dispatch/middleware/templates/rescues/_request_and_response.html.erb
  Rendered /home/sunil/.rbenv/versions/2.3.1/lib/ruby/gems/2.3.0/gems/actionpack-5.0.0.1/lib/action_dispatch/middleware/templates/rescues/_request_and_response.html.erb (0.8ms)
  Rendered /home/sunil/.rbenv/versions/2.3.1/lib/ruby/gems/2.3.0/gems/actionpack-5.0.0.1/lib/action_dispatch/middleware/templates/rescues/diagnostics.html.erb within rescues/layout (25.7ms)
Started GET "/users" for 127.0.0.1 at 2016-10-14 17:19:38 +0530
  [1m[36mActiveRecord::SchemaMigration Load (0.1ms)[0m  [1m[34mSELECT "schema_migrations".* FROM "schema_migrations"[0m
Processing by UsersController#index as HTML
  Rendering users/index.html.erb within layouts/application
  [1m[36mUser Load (0.2ms)[0m  [1m[34mSELECT "users".* FROM "users"[0m
  Rendered users/index.html.erb within layouts/application (7.8ms)
Completed 200 OK in 1041ms (Views: 1031.8ms | ActiveRecord: 0.4ms)


Started GET "/users/new" for 127.0.0.1 at 2016-10-14 17:19:41 +0530
Processing by UsersController#new as HTML
  Rendering users/new.html.erb within layouts/application
  Rendered users/_form.html.erb (189.6ms)
  Rendered users/new.html.erb within layouts/application (192.5ms)
Completed 200 OK in 255ms (Views: 241.6ms | ActiveRecord: 0.7ms)


Started POST "/users" for 127.0.0.1 at 2016-10-14 17:19:45 +0530
Processing by UsersController#create as HTML
  Parameters: {"utf8"=>"✓", "authenticity_token"=>"E8Jq8lgM4WQS1WonJe/3QWENYSP3zF2ClEsKvRHySRECYFkuEWgXVlO8bjSP2VUnvD43N+/M7CVAqGw/eRfqcA==", "user"=>{"name"=>"sunil", "email"=>"mandiwalsunil91@gmail.com"}, "commit"=>"Create User"}
  [1m[35m (0.1ms)[0m  [1m[36mbegin transaction[0m
  [1m[35mSQL (1.3ms)[0m  [1m[32mINSERT INTO "users" ("name", "email", "created_at", "updated_at") VALUES (?, ?, ?, ?)[0m  [["name", "sunil"], ["email", "mandiwalsunil91@gmail.com"], ["created_at", 2016-10-14 11:49:45 UTC], ["updated_at", 2016-10-14 11:49:45 UTC]]
  [1m[35m (148.9ms)[0m  [1m[36mcommit transaction[0m
  Rendering example_mailer/sample_email.html.erb within layouts/mailer
  Rendered example_mailer/sample_email.html.erb within layouts/mailer (0.4ms)
  Rendering example_mailer/sample_email.text.erb within layouts/mailer
  Rendered example_mailer/sample_email.text.erb within layouts/mailer (0.2ms)
ExampleMailer#sample_email: processed outbound mail in 135.8ms
Sent mail to mandiwalsunil91@gmail.com (6.8ms)
Date: Fri, 14 Oct 2016 17:19:46 +0530
From: mandiwalsunil91@gmail.com
To: mandiwalsunil91@gmail.com
Message-ID: <5800c65a4f560_362e2b14b0dd2b7033626@sunil-desktop.mail>
Subject: Sample Email
Mime-Version: 1.0
Content-Type: multipart/alternative;
 boundary="--==_mimepart_5800c65a4e257_362e2b14b0dd2b703359e";
 charset=UTF-8
Content-Transfer-Encoding: 7bit


----==_mimepart_5800c65a4e257_362e2b14b0dd2b703359e
Content-Type: text/plain;
 charset=UTF-8
Content-Transfer-Encoding: 7bit

Hi sunil
Sample mail sent using smtp.



----==_mimepart_5800c65a4e257_362e2b14b0dd2b703359e
Content-Type: text/html;
 charset=UTF-8
Content-Transfer-Encoding: 7bit

<!DOCTYPE html>
<html>
  <head>
    <meta http-equiv="Content-Type" content="text/html; charset=utf-8" />
    <style>
      /* Email styles need to be inline */
    </style>
  </head>

  <body>
    <!DOCTYPE html>
<html>
  <head>
    <meta content='text/html; charset=UTF-8' http-equiv='Content-Type' />
  </head>
  <body>
    <h1>Hisunil</h1>
    <p>
      Sample mail sent using smtp.
    </p>
  </body>
</html>


  </body>
</html>

----==_mimepart_5800c65a4e257_362e2b14b0dd2b703359e--

Redirected to http://localhost:3000/users/1
Completed 302 Found in 667ms (ActiveRecord: 150.3ms)


Started GET "/users/1" for 127.0.0.1 at 2016-10-14 17:19:46 +0530
Processing by UsersController#show as HTML
  Parameters: {"id"=>"1"}
  [1m[36mUser Load (0.2ms)[0m  [1m[34mSELECT  "users".* FROM "users" WHERE "users"."id" = ? LIMIT ?[0m  [["id", 1], ["LIMIT", 1]]
  Rendering users/show.html.erb within layouts/application
  Rendered users/show.html.erb within layouts/application (1.0ms)
Completed 200 OK in 28ms (Views: 15.5ms | ActiveRecord: 0.2ms)


Started GET "/users/" for 127.0.0.1 at 2016-10-14 17:21:06 +0530
  [1m[36mActiveRecord::SchemaMigration Load (0.2ms)[0m  [1m[34mSELECT "schema_migrations".* FROM "schema_migrations"[0m
Processing by UsersController#index as HTML
  Rendering users/index.html.erb within layouts/application
  [1m[36mUser Load (0.1ms)[0m  [1m[34mSELECT "users".* FROM "users"[0m
  Rendered users/index.html.erb within layouts/application (9.4ms)
Completed 200 OK in 240ms (Views: 229.6ms | ActiveRecord: 0.6ms)


Started GET "/users/new" for 127.0.0.1 at 2016-10-14 17:21:07 +0530
Processing by UsersController#new as HTML
  Rendering users/new.html.erb within layouts/application
  Rendered users/_form.html.erb (24.9ms)
  Rendered users/new.html.erb within layouts/application (26.4ms)
Completed 200 OK in 77ms (Views: 74.9ms | ActiveRecord: 0.0ms)


Started POST "/users" for 127.0.0.1 at 2016-10-14 17:21:11 +0530
Processing by UsersController#create as HTML
  Parameters: {"utf8"=>"✓", "authenticity_token"=>"Z0wfsu/aEiwgBvh+nGW3vWv9KlE2RxuJxuNtJAOqDvx27ixupr7kHmFv/G02UxXbts58RS5Hqi4SAAuma0+tnQ==", "user"=>{"name"=>"sunil mandiwal", "email"=>"mandiwalsunil91@gmail.com"}, "commit"=>"Create User"}
  [1m[35m (0.1ms)[0m  [1m[36mbegin transaction[0m
  [1m[35mSQL (0.4ms)[0m  [1m[32mINSERT INTO "users" ("name", "email", "created_at", "updated_at") VALUES (?, ?, ?, ?)[0m  [["name", "sunil mandiwal"], ["email", "mandiwalsunil91@gmail.com"], ["created_at", 2016-10-14 11:51:11 UTC], ["updated_at", 2016-10-14 11:51:11 UTC]]
  [1m[35m (146.7ms)[0m  [1m[36mcommit transaction[0m
  Rendering example_mailer/sample_email.html.erb within layouts/mailer
  Rendered example_mailer/sample_email.html.erb within layouts/mailer (0.4ms)
  Rendering example_mailer/sample_email.text.erb within layouts/mailer
  Rendered example_mailer/sample_email.text.erb within layouts/mailer (0.2ms)
ExampleMailer#sample_email: processed outbound mail in 109.8ms
Sent mail to mandiwalsunil91@gmail.com (5.9ms)
Date: Fri, 14 Oct 2016 17:21:12 +0530
From: mandiwalsunil91@gmail.com
To: mandiwalsunil91@gmail.com
Message-ID: <5800c6b062e44_368d2adfc9a8379c787b3@sunil-desktop.mail>
Subject: Sample Email
Mime-Version: 1.0
Content-Type: multipart/alternative;
 boundary="--==_mimepart_5800c6b061dd5_368d2adfc9a8379c786e7";
 charset=UTF-8
Content-Transfer-Encoding: 7bit


----==_mimepart_5800c6b061dd5_368d2adfc9a8379c786e7
Content-Type: text/plain;
 charset=UTF-8
Content-Transfer-Encoding: 7bit

Hi sunil mandiwal
Sample mail sent using smtp.



----==_mimepart_5800c6b061dd5_368d2adfc9a8379c786e7
Content-Type: text/html;
 charset=UTF-8
Content-Transfer-Encoding: 7bit

<!DOCTYPE html>
<html>
  <head>
    <meta http-equiv="Content-Type" content="text/html; charset=utf-8" />
    <style>
      /* Email styles need to be inline */
    </style>
  </head>

  <body>
    <!DOCTYPE html>
<html>
  <head>
    <meta content='text/html; charset=UTF-8' http-equiv='Content-Type' />
  </head>
  <body>
    <h1>Hisunil mandiwal</h1>
    <p>
      Sample mail sent using smtp.
    </p>
  </body>
</html>


  </body>
</html>

----==_mimepart_5800c6b061dd5_368d2adfc9a8379c786e7--

Redirected to http://localhost:3000/users/2
Completed 302 Found in 667ms (ActiveRecord: 147.2ms)


Started GET "/users/2" for 127.0.0.1 at 2016-10-14 17:21:12 +0530
Processing by UsersController#show as HTML
  Parameters: {"id"=>"2"}
  [1m[36mUser Load (0.2ms)[0m  [1m[34mSELECT  "users".* FROM "users" WHERE "users"."id" = ? LIMIT ?[0m  [["id", 2], ["LIMIT", 1]]
  Rendering users/show.html.erb within layouts/application
  Rendered users/show.html.erb within layouts/application (0.6ms)
Completed 200 OK in 19ms (Views: 13.5ms | ActiveRecord: 0.2ms)


Started GET "/users" for 127.0.0.1 at 2016-10-14 17:21:15 +0530
Processing by UsersController#index as HTML
  Rendering users/index.html.erb within layouts/application
  [1m[36mUser Load (0.2ms)[0m  [1m[34mSELECT "users".* FROM "users"[0m
  Rendered users/index.html.erb within layouts/application (2.6ms)
Completed 200 OK in 33ms (Views: 30.7ms | ActiveRecord: 0.2ms)


Started GET "/users" for 127.0.0.1 at 2016-10-14 18:21:18 +0530
  [1m[36mActiveRecord::SchemaMigration Load (0.2ms)[0m  [1m[34mSELECT "schema_migrations".* FROM "schema_migrations"[0m
Processing by UsersController#index as HTML
  Rendering users/index.html.erb within layouts/application
  [1m[36mUser Load (0.2ms)[0m  [1m[34mSELECT "users".* FROM "users"[0m
  Rendered users/index.html.erb within layouts/application (10.7ms)
Completed 200 OK in 417ms (Views: 383.4ms | ActiveRecord: 0.6ms)


Started GET "/users/new" for 127.0.0.1 at 2016-10-14 18:21:21 +0530
Processing by UsersController#new as HTML
  Rendering users/new.html.erb within layouts/application
  Rendered users/_form.html.erb (92.3ms)
  Rendered users/new.html.erb within layouts/application (116.3ms)
Completed 200 OK in 233ms (Views: 135.1ms | ActiveRecord: 0.0ms)


Started POST "/users" for 127.0.0.1 at 2016-10-14 18:23:15 +0530
Processing by UsersController#create as HTML
  Parameters: {"utf8"=>"✓", "authenticity_token"=>"IicrZZnFbRlVIGhpPiuf5hJbgypR1Rj7Sd5CMG3hNSczhRi50KGbKxRJbHqUHT2Az2jVPknVqVydPSSyBQSWRg==", "user"=>{"name"=>"sunil", "email"=>"mandiwalsunil91@gmail.com"}, "commit"=>"Create User"}
  [1m[35m (0.1ms)[0m  [1m[36mbegin transaction[0m
  [1m[35mSQL (0.4ms)[0m  [1m[32mINSERT INTO "users" ("name", "email", "created_at", "updated_at") VALUES (?, ?, ?, ?)[0m  [["name", "sunil"], ["email", "mandiwalsunil91@gmail.com"], ["created_at", 2016-10-14 12:53:15 UTC], ["updated_at", 2016-10-14 12:53:15 UTC]]
  [1m[35m (146.1ms)[0m  [1m[36mcommit transaction[0m
  Rendering example_mailer/sample_email.html.erb within layouts/mailer
  Rendered example_mailer/sample_email.html.erb within layouts/mailer (0.4ms)
  Rendering example_mailer/sample_email.text.erb within layouts/mailer
  Rendered example_mailer/sample_email.text.erb within layouts/mailer (0.3ms)
ExampleMailer#sample_email: processed outbound mail in 138.5ms
Sent mail to mandiwalsunil91@gmail.com (27.4ms)
Date: Fri, 14 Oct 2016 18:23:16 +0530
From: mandiwalsunil91@gmail.com
To: mandiwalsunil91@gmail.com
Message-ID: <5800d53ca260e_3a5e2ad1a86719f84062e@sunil-desktop.mail>
Subject: Sample Email
Mime-Version: 1.0
Content-Type: multipart/alternative;
 boundary="--==_mimepart_5800d53ca0c53_3a5e2ad1a86719f8405a";
 charset=UTF-8
Content-Transfer-Encoding: 7bit


----==_mimepart_5800d53ca0c53_3a5e2ad1a86719f8405a
Content-Type: text/plain;
 charset=UTF-8
Content-Transfer-Encoding: 7bit

Hi sunil
Sample mail sent using smtp.



----==_mimepart_5800d53ca0c53_3a5e2ad1a86719f8405a
Content-Type: text/html;
 charset=UTF-8
Content-Transfer-Encoding: 7bit

<!DOCTYPE html>
<html>
  <head>
    <meta http-equiv="Content-Type" content="text/html; charset=utf-8" />
    <style>
      /* Email styles need to be inline */
    </style>
  </head>

  <body>
    <!DOCTYPE html>
<html>
  <head>
    <meta content='text/html; charset=UTF-8' http-equiv='Content-Type' />
  </head>
  <body>
    <h1>Hisunil</h1>
    <p>
      Sample mail sent using smtp.
    </p>
  </body>
</html>


  </body>
</html>

----==_mimepart_5800d53ca0c53_3a5e2ad1a86719f8405a--

Redirected to http://localhost:3000/users/3
Completed 302 Found in 859ms (ActiveRecord: 146.6ms)


Started GET "/users/3" for 127.0.0.1 at 2016-10-14 18:23:16 +0530
Processing by UsersController#show as HTML
  Parameters: {"id"=>"3"}
  [1m[36mUser Load (0.2ms)[0m  [1m[34mSELECT  "users".* FROM "users" WHERE "users"."id" = ? LIMIT ?[0m  [["id", 3], ["LIMIT", 1]]
  Rendering users/show.html.erb within layouts/application
  Rendered users/show.html.erb within layouts/application (1.0ms)
Completed 200 OK in 20ms (Views: 15.7ms | ActiveRecord: 0.2ms)


Started GET "/users" for 127.0.0.1 at 2016-10-14 18:23:18 +0530
Processing by UsersController#index as HTML
  Rendering users/index.html.erb within layouts/application
  [1m[36mUser Load (0.2ms)[0m  [1m[34mSELECT "users".* FROM "users"[0m
  Rendered users/index.html.erb within layouts/application (2.9ms)
Completed 200 OK in 35ms (Views: 33.3ms | ActiveRecord: 0.2ms)


Started GET "/users" for 127.0.0.1 at 2016-10-14 18:31:24 +0530
  [1m[36mActiveRecord::SchemaMigration Load (0.2ms)[0m  [1m[34mSELECT "schema_migrations".* FROM "schema_migrations"[0m
Processing by UsersController#index as HTML
  Rendering users/index.html.erb within layouts/application
  [1m[36mUser Load (0.3ms)[0m  [1m[34mSELECT "users".* FROM "users"[0m
  Rendered users/index.html.erb within layouts/application (11.4ms)
Completed 200 OK in 256ms (Views: 241.0ms | ActiveRecord: 1.0ms)


Started GET "/users/new" for 127.0.0.1 at 2016-10-14 18:31:27 +0530
Processing by UsersController#new as HTML
  Rendering users/new.html.erb within layouts/application
  Rendered users/_form.html.erb (15.7ms)
  Rendered users/new.html.erb within layouts/application (17.0ms)
Completed 200 OK in 59ms (Views: 57.6ms | ActiveRecord: 0.0ms)


Started POST "/users" for 127.0.0.1 at 2016-10-14 18:31:39 +0530
Processing by UsersController#create as HTML
  Parameters: {"utf8"=>"✓", "authenticity_token"=>"W4/dDI7gbzzeWosxFQOUDPNC7knQWLn/AKtzwMUXQHlKLe7Qx4SZDp8zjyK/NTZqLnG4XchYCFjUSBVCrfLjGA==", "user"=>{"name"=>"sj", "email"=>"skmnet2013@gmail.com"}, "commit"=>"Create User"}
  [1m[35m (0.2ms)[0m  [1m[36mbegin transaction[0m
  [1m[35mSQL (0.5ms)[0m  [1m[32mINSERT INTO "users" ("name", "email", "created_at", "updated_at") VALUES (?, ?, ?, ?)[0m  [["name", "sj"], ["email", "skmnet2013@gmail.com"], ["created_at", 2016-10-14 13:01:39 UTC], ["updated_at", 2016-10-14 13:01:39 UTC]]
  [1m[35m (192.8ms)[0m  [1m[36mcommit transaction[0m
  Rendering example_mailer/sample_email.html.erb within layouts/mailer
  Rendered example_mailer/sample_email.html.erb within layouts/mailer (0.4ms)
  Rendering example_mailer/sample_email.text.erb within layouts/mailer
  Rendered example_mailer/sample_email.text.erb within layouts/mailer (0.2ms)
ExampleMailer#sample_email: processed outbound mail in 103.8ms
Sent mail to skmnet2013@gmail.com (5.9ms)
Date: Fri, 14 Oct 2016 18:31:39 +0530
From: mandiwalsunil91@gmail.com
To: skmnet2013@gmail.com
Message-ID: <5800d733c9dc7_3c0d2ad168013d805794@sunil-desktop.mail>
Subject: Sample Email
Mime-Version: 1.0
Content-Type: multipart/alternative;
 boundary="--==_mimepart_5800d733c8d5d_3c0d2ad168013d8057841";
 charset=UTF-8
Content-Transfer-Encoding: 7bit


----==_mimepart_5800d733c8d5d_3c0d2ad168013d8057841
Content-Type: text/plain;
 charset=UTF-8
Content-Transfer-Encoding: 7bit

Hi sj
Sample mail sent using smtp.



----==_mimepart_5800d733c8d5d_3c0d2ad168013d8057841
Content-Type: text/html;
 charset=UTF-8
Content-Transfer-Encoding: 7bit

<!DOCTYPE html>
<html>
  <head>
    <meta http-equiv="Content-Type" content="text/html; charset=utf-8" />
    <style>
      /* Email styles need to be inline */
    </style>
  </head>

  <body>
    <!DOCTYPE html>
<html>
  <head>
    <meta content='text/html; charset=UTF-8' http-equiv='Content-Type' />
  </head>
  <body>
    <h1>Hisj</h1>
    <p>
      Sample mail sent using smtp.
    </p>
  </body>
</html>


  </body>
</html>

----==_mimepart_5800d733c8d5d_3c0d2ad168013d8057841--

Redirected to http://localhost:3000/users/4
Completed 302 Found in 681ms (ActiveRecord: 193.4ms)


Started GET "/users/4" for 127.0.0.1 at 2016-10-14 18:31:39 +0530
Processing by UsersController#show as HTML
  Parameters: {"id"=>"4"}
  [1m[36mUser Load (0.2ms)[0m  [1m[34mSELECT  "users".* FROM "users" WHERE "users"."id" = ? LIMIT ?[0m  [["id", 4], ["LIMIT", 1]]
  Rendering users/show.html.erb within layouts/application
  Rendered users/show.html.erb within layouts/application (0.6ms)
Completed 200 OK in 21ms (Views: 15.7ms | ActiveRecord: 0.2ms)


Started GET "/users" for 127.0.0.1 at 2016-10-14 18:44:34 +0530
Processing by UsersController#index as HTML
  Rendering users/index.html.erb within layouts/application
  [1m[36mUser Load (0.3ms)[0m  [1m[34mSELECT "users".* FROM "users"[0m
  Rendered users/index.html.erb within layouts/application (3.0ms)
Completed 200 OK in 25ms (Views: 22.7ms | ActiveRecord: 0.3ms)


Started GET "/schools" for 127.0.0.1 at 2016-10-14 18:59:23 +0530
  [1m[36mActiveRecord::SchemaMigration Load (0.2ms)[0m  [1m[34mSELECT "schema_migrations".* FROM "schema_migrations"[0m
  
ActionController::RoutingError (No route matches [GET] "/schools"):
  
actionpack (5.0.0.1) lib/action_dispatch/middleware/debug_exceptions.rb:53:in `call'
web-console (3.3.1) lib/web_console/middleware.rb:131:in `call_app'
web-console (3.3.1) lib/web_console/middleware.rb:28:in `block in call'
web-console (3.3.1) lib/web_console/middleware.rb:18:in `catch'
web-console (3.3.1) lib/web_console/middleware.rb:18:in `call'
actionpack (5.0.0.1) lib/action_dispatch/middleware/show_exceptions.rb:31:in `call'
railties (5.0.0.1) lib/rails/rack/logger.rb:36:in `call_app'
railties (5.0.0.1) lib/rails/rack/logger.rb:24:in `block in call'
activesupport (5.0.0.1) lib/active_support/tagged_logging.rb:70:in `block in tagged'
activesupport (5.0.0.1) lib/active_support/tagged_logging.rb:26:in `tagged'
activesupport (5.0.0.1) lib/active_support/tagged_logging.rb:70:in `tagged'
railties (5.0.0.1) lib/rails/rack/logger.rb:24:in `call'
sprockets-rails (3.2.0) lib/sprockets/rails/quiet_assets.rb:13:in `call'
actionpack (5.0.0.1) lib/action_dispatch/middleware/request_id.rb:24:in `call'
rack (2.0.1) lib/rack/method_override.rb:22:in `call'
rack (2.0.1) lib/rack/runtime.rb:22:in `call'
activesupport (5.0.0.1) lib/active_support/cache/strategy/local_cache_middleware.rb:28:in `call'
actionpack (5.0.0.1) lib/action_dispatch/middleware/executor.rb:12:in `call'
actionpack (5.0.0.1) lib/action_dispatch/middleware/static.rb:136:in `call'
rack (2.0.1) lib/rack/sendfile.rb:111:in `call'
railties (5.0.0.1) lib/rails/engine.rb:522:in `call'
puma (3.6.0) lib/puma/configuration.rb:225:in `call'
puma (3.6.0) lib/puma/server.rb:578:in `handle_request'
puma (3.6.0) lib/puma/server.rb:415:in `process_client'
puma (3.6.0) lib/puma/server.rb:275:in `block in run'
puma (3.6.0) lib/puma/thread_pool.rb:116:in `block in spawn_thread'
  Rendering /home/sunil/.rbenv/versions/2.3.1/lib/ruby/gems/2.3.0/gems/actionpack-5.0.0.1/lib/action_dispatch/middleware/templates/rescues/routing_error.html.erb within rescues/layout
  Rendering /home/sunil/.rbenv/versions/2.3.1/lib/ruby/gems/2.3.0/gems/actionpack-5.0.0.1/lib/action_dispatch/middleware/templates/rescues/_trace.html.erb
  Rendered /home/sunil/.rbenv/versions/2.3.1/lib/ruby/gems/2.3.0/gems/actionpack-5.0.0.1/lib/action_dispatch/middleware/templates/rescues/_trace.html.erb (1.1ms)
  Rendered collection of /home/sunil/.rbenv/versions/2.3.1/lib/ruby/gems/2.3.0/gems/actionpack-5.0.0.1/lib/action_dispatch/middleware/templates/routes/_route.html.erb [8 times] (19.1ms)
  Rendered /home/sunil/.rbenv/versions/2.3.1/lib/ruby/gems/2.3.0/gems/actionpack-5.0.0.1/lib/action_dispatch/middleware/templates/routes/_table.html.erb (9.2ms)
  Rendering /home/sunil/.rbenv/versions/2.3.1/lib/ruby/gems/2.3.0/gems/actionpack-5.0.0.1/lib/action_dispatch/middleware/templates/rescues/_request_and_response.html.erb
  Rendered /home/sunil/.rbenv/versions/2.3.1/lib/ruby/gems/2.3.0/gems/actionpack-5.0.0.1/lib/action_dispatch/middleware/templates/rescues/_request_and_response.html.erb (8.7ms)
  Rendered /home/sunil/.rbenv/versions/2.3.1/lib/ruby/gems/2.3.0/gems/actionpack-5.0.0.1/lib/action_dispatch/middleware/templates/rescues/routing_error.html.erb within rescues/layout (64.0ms)
Started GET "/users" for 127.0.0.1 at 2016-10-14 18:59:27 +0530
Processing by UsersController#index as HTML
  Rendering users/index.html.erb within layouts/application
  [1m[36mUser Load (0.5ms)[0m  [1m[34mSELECT "users".* FROM "users"[0m
  Rendered users/index.html.erb within layouts/application (12.3ms)
Completed 200 OK in 447ms (Views: 423.6ms | ActiveRecord: 1.4ms)


Started GET "/users/new" for 127.0.0.1 at 2016-10-14 18:59:29 +0530
Processing by UsersController#new as HTML
  Rendering users/new.html.erb within layouts/application
  Rendered users/_form.html.erb (20.3ms)
  Rendered users/new.html.erb within layouts/application (22.7ms)
Completed 200 OK in 63ms (Views: 60.6ms | ActiveRecord: 0.0ms)


Started POST "/users" for 127.0.0.1 at 2016-10-14 18:59:40 +0530
Processing by UsersController#create as HTML
  Parameters: {"utf8"=>"✓", "authenticity_token"=>"YqA4mUl+v6+lbrqVNfbMxcrULU9a4zsZ6kJ02pVb2ZpbY2lZ2YF17UC/8/Wb6EhxG9YsBJ8SYl/5ulkaSlEe3A==", "user"=>{"name"=>"wsd", "email"=>"mandiwalsunil91@gmail.com"}, "commit"=>"Create User"}
  [1m[35m (0.1ms)[0m  [1m[36mbegin transaction[0m
  [1m[35mSQL (0.3ms)[0m  [1m[32mINSERT INTO "users" ("name", "email", "created_at", "updated_at") VALUES (?, ?, ?, ?)[0m  [["name", "wsd"], ["email", "mandiwalsunil91@gmail.com"], ["created_at", 2016-10-14 13:29:40 UTC], ["updated_at", 2016-10-14 13:29:40 UTC]]
  [1m[35m (59.8ms)[0m  [1m[36mcommit transaction[0m
  Rendering example_mailer/sample_email.html.erb within layouts/mailer
  Rendered example_mailer/sample_email.html.erb within layouts/mailer (0.7ms)
  Rendering example_mailer/sample_email.text.erb within layouts/mailer
  Rendered example_mailer/sample_email.text.erb within layouts/mailer (0.5ms)
ExampleMailer#sample_email: processed outbound mail in 191.3ms
Sent mail to mandiwalsunil91@gmail.com (1603.6ms)
Date: Fri, 14 Oct 2016 18:59:41 +0530
From: mandiwalsunil91@gmail.com
To: mandiwalsunil91@gmail.com
Message-ID: <5800ddc54ad4e_410c2adb896887a8323b0@sunil-desktop.mail>
Subject: Sample Email
Mime-Version: 1.0
Content-Type: multipart/alternative;
 boundary="--==_mimepart_5800ddc5496d5_410c2adb896887a8322e2";
 charset=UTF-8
Content-Transfer-Encoding: 7bit


----==_mimepart_5800ddc5496d5_410c2adb896887a8322e2
Content-Type: text/plain;
 charset=UTF-8
Content-Transfer-Encoding: 7bit

Hi wsd
Sample mail sent using smtp.



----==_mimepart_5800ddc5496d5_410c2adb896887a8322e2
Content-Type: text/html;
 charset=UTF-8
Content-Transfer-Encoding: 7bit

<!DOCTYPE html>
<html>
  <head>
    <meta http-equiv="Content-Type" content="text/html; charset=utf-8" />
    <style>
      /* Email styles need to be inline */
    </style>
  </head>

  <body>
    <!DOCTYPE html>
<html>
  <head>
    <meta content='text/html; charset=UTF-8' http-equiv='Content-Type' />
  </head>
  <body>
    <h1>Hiwsd</h1>
    <p>
      Sample mail sent using smtp.
    </p>
  </body>
</html>


  </body>
</html>

----==_mimepart_5800ddc5496d5_410c2adb896887a8322e2--

Redirected to http://localhost:3000/users/5
Completed 302 Found in 2330ms (ActiveRecord: 60.2ms)


Started GET "/users/5" for 127.0.0.1 at 2016-10-14 18:59:42 +0530
Processing by UsersController#show as HTML
  Parameters: {"id"=>"5"}
  [1m[36mUser Load (0.5ms)[0m  [1m[34mSELECT  "users".* FROM "users" WHERE "users"."id" = ? LIMIT ?[0m  [["id", 5], ["LIMIT", 1]]
  Rendering users/show.html.erb within layouts/application
  Rendered users/show.html.erb within layouts/application (1.3ms)
Completed 200 OK in 43ms (Views: 24.5ms | ActiveRecord: 0.5ms)


Started GET "/users" for 127.0.0.1 at 2016-10-14 18:59:44 +0530
Processing by UsersController#index as HTML
  Rendering users/index.html.erb within layouts/application
  [1m[36mUser Load (0.3ms)[0m  [1m[34mSELECT "users".* FROM "users"[0m
  Rendered users/index.html.erb within layouts/application (2.8ms)
Completed 200 OK in 21ms (Views: 19.6ms | ActiveRecord: 0.3ms)


Started GET "/schools" for 127.0.0.1 at 2016-10-15 12:29:17 +0530
  [1m[36mActiveRecord::SchemaMigration Load (0.1ms)[0m  [1m[34mSELECT "schema_migrations".* FROM "schema_migrations"[0m
  
ActionController::RoutingError (No route matches [GET] "/schools"):
  
actionpack (5.0.0.1) lib/action_dispatch/middleware/debug_exceptions.rb:53:in `call'
web-console (3.3.1) lib/web_console/middleware.rb:131:in `call_app'
web-console (3.3.1) lib/web_console/middleware.rb:28:in `block in call'
web-console (3.3.1) lib/web_console/middleware.rb:18:in `catch'
web-console (3.3.1) lib/web_console/middleware.rb:18:in `call'
actionpack (5.0.0.1) lib/action_dispatch/middleware/show_exceptions.rb:31:in `call'
railties (5.0.0.1) lib/rails/rack/logger.rb:36:in `call_app'
railties (5.0.0.1) lib/rails/rack/logger.rb:24:in `block in call'
activesupport (5.0.0.1) lib/active_support/tagged_logging.rb:70:in `block in tagged'
activesupport (5.0.0.1) lib/active_support/tagged_logging.rb:26:in `tagged'
activesupport (5.0.0.1) lib/active_support/tagged_logging.rb:70:in `tagged'
railties (5.0.0.1) lib/rails/rack/logger.rb:24:in `call'
sprockets-rails (3.2.0) lib/sprockets/rails/quiet_assets.rb:13:in `call'
actionpack (5.0.0.1) lib/action_dispatch/middleware/request_id.rb:24:in `call'
rack (2.0.1) lib/rack/method_override.rb:22:in `call'
rack (2.0.1) lib/rack/runtime.rb:22:in `call'
activesupport (5.0.0.1) lib/active_support/cache/strategy/local_cache_middleware.rb:28:in `call'
actionpack (5.0.0.1) lib/action_dispatch/middleware/executor.rb:12:in `call'
actionpack (5.0.0.1) lib/action_dispatch/middleware/static.rb:136:in `call'
rack (2.0.1) lib/rack/sendfile.rb:111:in `call'
railties (5.0.0.1) lib/rails/engine.rb:522:in `call'
puma (3.6.0) lib/puma/configuration.rb:225:in `call'
puma (3.6.0) lib/puma/server.rb:578:in `handle_request'
puma (3.6.0) lib/puma/server.rb:415:in `process_client'
puma (3.6.0) lib/puma/server.rb:275:in `block in run'
puma (3.6.0) lib/puma/thread_pool.rb:116:in `block in spawn_thread'
  Rendering /home/sunil/.rbenv/versions/2.3.1/lib/ruby/gems/2.3.0/gems/actionpack-5.0.0.1/lib/action_dispatch/middleware/templates/rescues/routing_error.html.erb within rescues/layout
  Rendering /home/sunil/.rbenv/versions/2.3.1/lib/ruby/gems/2.3.0/gems/actionpack-5.0.0.1/lib/action_dispatch/middleware/templates/rescues/_trace.html.erb
  Rendered /home/sunil/.rbenv/versions/2.3.1/lib/ruby/gems/2.3.0/gems/actionpack-5.0.0.1/lib/action_dispatch/middleware/templates/rescues/_trace.html.erb (1.7ms)
  Rendered collection of /home/sunil/.rbenv/versions/2.3.1/lib/ruby/gems/2.3.0/gems/actionpack-5.0.0.1/lib/action_dispatch/middleware/templates/routes/_route.html.erb [8 times] (15.3ms)
  Rendered /home/sunil/.rbenv/versions/2.3.1/lib/ruby/gems/2.3.0/gems/actionpack-5.0.0.1/lib/action_dispatch/middleware/templates/routes/_table.html.erb (10.4ms)
  Rendering /home/sunil/.rbenv/versions/2.3.1/lib/ruby/gems/2.3.0/gems/actionpack-5.0.0.1/lib/action_dispatch/middleware/templates/rescues/_request_and_response.html.erb
  Rendered /home/sunil/.rbenv/versions/2.3.1/lib/ruby/gems/2.3.0/gems/actionpack-5.0.0.1/lib/action_dispatch/middleware/templates/rescues/_request_and_response.html.erb (12.5ms)
  Rendered /home/sunil/.rbenv/versions/2.3.1/lib/ruby/gems/2.3.0/gems/actionpack-5.0.0.1/lib/action_dispatch/middleware/templates/rescues/routing_error.html.erb within rescues/layout (81.1ms)
Started GET "/users" for 127.0.0.1 at 2016-10-15 12:29:21 +0530
Processing by UsersController#index as HTML
  Rendering users/index.html.erb within layouts/application
  [1m[36mUser Load (0.2ms)[0m  [1m[34mSELECT "users".* FROM "users"[0m
  Rendered users/index.html.erb within layouts/application (10.4ms)
Completed 200 OK in 296ms (Views: 291.1ms | ActiveRecord: 0.7ms)


Started GET "/users/new" for 127.0.0.1 at 2016-10-15 12:29:24 +0530
Processing by UsersController#new as HTML
  Rendering users/new.html.erb within layouts/application
  Rendered users/_form.html.erb (9.9ms)
  Rendered users/new.html.erb within layouts/application (12.0ms)
Completed 200 OK in 41ms (Views: 38.8ms | ActiveRecord: 0.0ms)


Started POST "/users" for 127.0.0.1 at 2016-10-15 12:29:28 +0530
Processing by UsersController#create as HTML
  Parameters: {"utf8"=>"✓", "authenticity_token"=>"0tiYsXi5dgVfUKhBIlyPd/jTq19O57r4dUiE/GD9yg2lzRvhfO+fuhsd53C7jpAJzbopzWYG/HtRf1GpnnXQ8Q==", "user"=>{"name"=>"skm", "email"=>"mandiwalsunil91@gmail.com"}, "commit"=>"Create User"}
  [1m[35m (0.1ms)[0m  [1m[36mbegin transaction[0m
  [1m[35mSQL (4.0ms)[0m  [1m[32mINSERT INTO "users" ("name", "email", "created_at", "updated_at") VALUES (?, ?, ?, ?)[0m  [["name", "skm"], ["email", "mandiwalsunil91@gmail.com"], ["created_at", 2016-10-15 06:59:28 UTC], ["updated_at", 2016-10-15 06:59:28 UTC]]
  [1m[35m (100.0ms)[0m  [1m[36mcommit transaction[0m
  Rendering example_mailer/sample_email.html.erb within layouts/mailer
  Rendered example_mailer/sample_email.html.erb within layouts/mailer (0.4ms)
  Rendering example_mailer/sample_email.text.erb within layouts/mailer
  Rendered example_mailer/sample_email.text.erb within layouts/mailer (0.2ms)
ExampleMailer#sample_email: processed outbound mail in 157.6ms
Sent mail to mandiwalsunil91@gmail.com (1856.1ms)
Date: Sat, 15 Oct 2016 12:29:29 +0530
From: mandiwalsunil91@gmail.com
To: mandiwalsunil91@gmail.com
Message-ID: <5801d3d17ae79_bca2ac5060b2868828d6@sunil-desktop.mail>
Subject: Sample Email
Mime-Version: 1.0
Content-Type: multipart/alternative;
 boundary="--==_mimepart_5801d3d179776_bca2ac5060b286882757";
 charset=UTF-8
Content-Transfer-Encoding: 7bit


----==_mimepart_5801d3d179776_bca2ac5060b286882757
Content-Type: text/plain;
 charset=UTF-8
Content-Transfer-Encoding: 7bit

Hi skm
Sample mail sent using smtp.



----==_mimepart_5801d3d179776_bca2ac5060b286882757
Content-Type: text/html;
 charset=UTF-8
Content-Transfer-Encoding: 7bit

<!DOCTYPE html>
<html>
  <head>
    <meta http-equiv="Content-Type" content="text/html; charset=utf-8" />
    <style>
      /* Email styles need to be inline */
    </style>
  </head>

  <body>
    <!DOCTYPE html>
<html>
  <head>
    <meta content='text/html; charset=UTF-8' http-equiv='Content-Type' />
  </head>
  <body>
    <h1>Hiskm</h1>
    <p>
      Sample mail sent using smtp.
    </p>
  </body>
</html>


  </body>
</html>

----==_mimepart_5801d3d179776_bca2ac5060b286882757--

Redirected to http://localhost:3000/users/6
Completed 302 Found in 2603ms (ActiveRecord: 104.0ms)


Started GET "/users/6" for 127.0.0.1 at 2016-10-15 12:29:31 +0530
Processing by UsersController#show as HTML
  Parameters: {"id"=>"6"}
  [1m[36mUser Load (0.2ms)[0m  [1m[34mSELECT  "users".* FROM "users" WHERE "users"."id" = ? LIMIT ?[0m  [["id", 6], ["LIMIT", 1]]
  Rendering users/show.html.erb within layouts/application
  Rendered users/show.html.erb within layouts/application (0.8ms)
Completed 200 OK in 38ms (Views: 18.3ms | ActiveRecord: 0.2ms)


Started GET "/users" for 127.0.0.1 at 2016-10-15 12:29:33 +0530
Processing by UsersController#index as HTML
  Rendering users/index.html.erb within layouts/application
  [1m[36mUser Load (0.3ms)[0m  [1m[34mSELECT "users".* FROM "users"[0m
  Rendered users/index.html.erb within layouts/application (4.0ms)
Completed 200 OK in 29ms (Views: 27.1ms | ActiveRecord: 0.3ms)


Started GET "/users/sign_in" for 127.0.0.1 at 2016-10-15 16:26:10 +0530
Processing by UsersController#show as HTML
  Parameters: {"id"=>"sign_in"}
  [1m[36mUser Load (37.0ms)[0m  [1m[34mSELECT  "users".* FROM "users" WHERE "users"."id" = ? LIMIT ?[0m  [["id", 0], ["LIMIT", 1]]
Completed 404 Not Found in 83ms (ActiveRecord: 37.0ms)


  
ActiveRecord::RecordNotFound (Couldn't find User with 'id'=sign_in):
  
app/controllers/users_controller.rb:70:in `set_user'
  Rendering /home/sunil/.rbenv/versions/2.3.1/lib/ruby/gems/2.3.0/gems/actionpack-5.0.0.1/lib/action_dispatch/middleware/templates/rescues/diagnostics.html.erb within rescues/layout
  Rendering /home/sunil/.rbenv/versions/2.3.1/lib/ruby/gems/2.3.0/gems/actionpack-5.0.0.1/lib/action_dispatch/middleware/templates/rescues/_source.html.erb
  Rendered /home/sunil/.rbenv/versions/2.3.1/lib/ruby/gems/2.3.0/gems/actionpack-5.0.0.1/lib/action_dispatch/middleware/templates/rescues/_source.html.erb (4.1ms)
  Rendering /home/sunil/.rbenv/versions/2.3.1/lib/ruby/gems/2.3.0/gems/actionpack-5.0.0.1/lib/action_dispatch/middleware/templates/rescues/_trace.html.erb
  Rendered /home/sunil/.rbenv/versions/2.3.1/lib/ruby/gems/2.3.0/gems/actionpack-5.0.0.1/lib/action_dispatch/middleware/templates/rescues/_trace.html.erb (1.6ms)
  Rendering /home/sunil/.rbenv/versions/2.3.1/lib/ruby/gems/2.3.0/gems/actionpack-5.0.0.1/lib/action_dispatch/middleware/templates/rescues/_request_and_response.html.erb
  Rendered /home/sunil/.rbenv/versions/2.3.1/lib/ruby/gems/2.3.0/gems/actionpack-5.0.0.1/lib/action_dispatch/middleware/templates/rescues/_request_and_response.html.erb (1.3ms)
  Rendered /home/sunil/.rbenv/versions/2.3.1/lib/ruby/gems/2.3.0/gems/actionpack-5.0.0.1/lib/action_dispatch/middleware/templates/rescues/diagnostics.html.erb within rescues/layout (62.4ms)
Started GET "/" for 127.0.0.1 at 2016-10-15 16:49:51 +0530
  [1m[36mActiveRecord::SchemaMigration Load (0.2ms)[0m  [1m[34mSELECT "schema_migrations".* FROM "schema_migrations"[0m
Processing by Rails::WelcomeController#index as HTML
  Parameters: {"internal"=>true}
  Rendering /home/sunil/.rbenv/versions/2.3.1/lib/ruby/gems/2.3.0/gems/railties-5.0.0.1/lib/rails/templates/rails/welcome/index.html.erb
  Rendered /home/sunil/.rbenv/versions/2.3.1/lib/ruby/gems/2.3.0/gems/railties-5.0.0.1/lib/rails/templates/rails/welcome/index.html.erb (4.4ms)
Completed 200 OK in 32ms (Views: 10.8ms | ActiveRecord: 0.0ms)


Started GET "/users" for 127.0.0.1 at 2016-10-15 16:49:56 +0530
Processing by UsersController#index as HTML
  Rendering users/index.html.erb within layouts/application
  [1m[36mUser Load (0.3ms)[0m  [1m[34mSELECT "users".* FROM "users"[0m
  Rendered users/index.html.erb within layouts/application (49.8ms)
Completed 200 OK in 538ms (Views: 491.7ms | ActiveRecord: 1.4ms)


Started GET "/users/new" for 127.0.0.1 at 2016-10-15 16:49:58 +0530
Processing by UsersController#new as HTML
  Rendering users/new.html.erb within layouts/application
  Rendered users/_form.html.erb (36.4ms)
  Rendered users/new.html.erb within layouts/application (37.9ms)
Completed 200 OK in 55ms (Views: 53.3ms | ActiveRecord: 0.0ms)


Started POST "/users" for 127.0.0.1 at 2016-10-15 16:50:05 +0530
Processing by UsersController#create as HTML
  Parameters: {"utf8"=>"✓", "authenticity_token"=>"ZzFxP46tb4lLxqHAxwOhzUWnW4DM4rs0sStgzhx1scYQJPJvivuGNg+L7vFe0b6zcM7ZEuQD/beVHLWb4v2rOg==", "user"=>{"name"=>"sunil", "email"=>"mandiwalsunil91@gmail.com"}, "commit"=>"Create User"}
  [1m[35m (0.4ms)[0m  [1m[36mbegin transaction[0m
  [1m[35mSQL (0.4ms)[0m  [1m[32mINSERT INTO "users" ("name", "email", "created_at", "updated_at") VALUES (?, ?, ?, ?)[0m  [["name", "sunil"], ["email", "mandiwalsunil91@gmail.com"], ["created_at", 2016-10-15 11:20:05 UTC], ["updated_at", 2016-10-15 11:20:05 UTC]]
  [1m[35m (99.6ms)[0m  [1m[36mcommit transaction[0m
  Rendering example_mailer/sample_email.html.erb within layouts/mailer
  Rendered example_mailer/sample_email.html.erb within layouts/mailer (0.4ms)
  Rendering example_mailer/sample_email.text.erb within layouts/mailer
  Rendered example_mailer/sample_email.text.erb within layouts/mailer (0.3ms)
ExampleMailer#sample_email: processed outbound mail in 158.7ms
Sent mail to mandiwalsunil91@gmail.com (1576.4ms)
Date: Sat, 15 Oct 2016 16:50:06 +0530
From: mandiwalsunil91@gmail.com
To: mandiwalsunil91@gmail.com
Message-ID: <580210e6324_340b2aac3982708442599@sunil-desktop.mail>
Subject: Sample Email
Mime-Version: 1.0
Content-Type: multipart/alternative;
 boundary="--==_mimepart_580210e5f25e8_340b2aac398270844242d";
 charset=UTF-8
Content-Transfer-Encoding: 7bit


----==_mimepart_580210e5f25e8_340b2aac398270844242d
Content-Type: text/plain;
 charset=UTF-8
Content-Transfer-Encoding: 7bit

Hi sunil
Sample mail sent using smtp.



----==_mimepart_580210e5f25e8_340b2aac398270844242d
Content-Type: text/html;
 charset=UTF-8
Content-Transfer-Encoding: 7bit

<!DOCTYPE html>
<html>
  <head>
    <meta http-equiv="Content-Type" content="text/html; charset=utf-8" />
    <style>
      /* Email styles need to be inline */
    </style>
  </head>

  <body>
    <!DOCTYPE html>
<html>
  <head>
    <meta content='text/html; charset=UTF-8' http-equiv='Content-Type' />
  </head>
  <body>
    <h1>Hisunil</h1>
    <p>
      Sample mail sent using smtp.
    </p>
  </body>
</html>


  </body>
</html>

----==_mimepart_580210e5f25e8_340b2aac398270844242d--

Completed 500 Internal Server Error in 2312ms (ActiveRecord: 100.4ms)


  
Net::SMTPAuthenticationError (534-5.7.14 <https://accounts.google.com/signin/continue?sarp=1&scc=1&plt=AKgnsbuY
):
  
app/controllers/users_controller.rb:32:in `block in create'
app/controllers/users_controller.rb:29:in `create'
  Rendering /home/sunil/.rbenv/versions/2.3.1/lib/ruby/gems/2.3.0/gems/actionpack-5.0.0.1/lib/action_dispatch/middleware/templates/rescues/diagnostics.html.erb within rescues/layout
  Rendering /home/sunil/.rbenv/versions/2.3.1/lib/ruby/gems/2.3.0/gems/actionpack-5.0.0.1/lib/action_dispatch/middleware/templates/rescues/_source.html.erb
  Rendered /home/sunil/.rbenv/versions/2.3.1/lib/ruby/gems/2.3.0/gems/actionpack-5.0.0.1/lib/action_dispatch/middleware/templates/rescues/_source.html.erb (4.0ms)
  Rendering /home/sunil/.rbenv/versions/2.3.1/lib/ruby/gems/2.3.0/gems/actionpack-5.0.0.1/lib/action_dispatch/middleware/templates/rescues/_trace.html.erb
  Rendered /home/sunil/.rbenv/versions/2.3.1/lib/ruby/gems/2.3.0/gems/actionpack-5.0.0.1/lib/action_dispatch/middleware/templates/rescues/_trace.html.erb (2.0ms)
  Rendering /home/sunil/.rbenv/versions/2.3.1/lib/ruby/gems/2.3.0/gems/actionpack-5.0.0.1/lib/action_dispatch/middleware/templates/rescues/_request_and_response.html.erb
  Rendered /home/sunil/.rbenv/versions/2.3.1/lib/ruby/gems/2.3.0/gems/actionpack-5.0.0.1/lib/action_dispatch/middleware/templates/rescues/_request_and_response.html.erb (1.2ms)
  Rendered /home/sunil/.rbenv/versions/2.3.1/lib/ruby/gems/2.3.0/gems/actionpack-5.0.0.1/lib/action_dispatch/middleware/templates/rescues/diagnostics.html.erb within rescues/layout (25.1ms)
Started POST "/users" for 127.0.0.1 at 2016-10-15 16:51:18 +0530
Processing by UsersController#create as HTML
  Parameters: {"utf8"=>"✓", "authenticity_token"=>"ZzFxP46tb4lLxqHAxwOhzUWnW4DM4rs0sStgzhx1scYQJPJvivuGNg+L7vFe0b6zcM7ZEuQD/beVHLWb4v2rOg==", "user"=>{"name"=>"sunil", "email"=>"mandiwalsunil91@gmail.com"}, "commit"=>"Create User"}
  [1m[35m (0.3ms)[0m  [1m[36mbegin transaction[0m
  [1m[35mSQL (12.0ms)[0m  [1m[32mINSERT INTO "users" ("name", "email", "created_at", "updated_at") VALUES (?, ?, ?, ?)[0m  [["name", "sunil"], ["email", "mandiwalsunil91@gmail.com"], ["created_at", 2016-10-15 11:21:18 UTC], ["updated_at", 2016-10-15 11:21:18 UTC]]
  [1m[35m (55.1ms)[0m  [1m[36mcommit transaction[0m
  Rendering example_mailer/sample_email.html.erb within layouts/mailer
  Rendered example_mailer/sample_email.html.erb within layouts/mailer (0.4ms)
  Rendering example_mailer/sample_email.text.erb within layouts/mailer
  Rendered example_mailer/sample_email.text.erb within layouts/mailer (0.5ms)
ExampleMailer#sample_email: processed outbound mail in 11.0ms
Sent mail to mandiwalsunil91@gmail.com (1543.0ms)
Date: Sat, 15 Oct 2016 16:51:18 +0530
From: mandiwalsunil91@gmail.com
To: mandiwalsunil91@gmail.com
Message-ID: <5802112e4c9e2_340b2aac398272504272@sunil-desktop.mail>
Subject: Sample Email
Mime-Version: 1.0
Content-Type: multipart/alternative;
 boundary="--==_mimepart_5802112e4bcfa_340b2aac39827250426ae";
 charset=UTF-8
Content-Transfer-Encoding: 7bit


----==_mimepart_5802112e4bcfa_340b2aac39827250426ae
Content-Type: text/plain;
 charset=UTF-8
Content-Transfer-Encoding: 7bit

Hi sunil
Sample mail sent using smtp.



----==_mimepart_5802112e4bcfa_340b2aac39827250426ae
Content-Type: text/html;
 charset=UTF-8
Content-Transfer-Encoding: 7bit

<!DOCTYPE html>
<html>
  <head>
    <meta http-equiv="Content-Type" content="text/html; charset=utf-8" />
    <style>
      /* Email styles need to be inline */
    </style>
  </head>

  <body>
    <!DOCTYPE html>
<html>
  <head>
    <meta content='text/html; charset=UTF-8' http-equiv='Content-Type' />
  </head>
  <body>
    <h1>Hisunil</h1>
    <p>
      Sample mail sent using smtp.
    </p>
  </body>
</html>


  </body>
</html>

----==_mimepart_5802112e4bcfa_340b2aac39827250426ae--

Completed 500 Internal Server Error in 1627ms (ActiveRecord: 67.4ms)


  
Net::SMTPAuthenticationError (534-5.7.14 <https://accounts.google.com/signin/continue?sarp=1&scc=1&plt=AKgnsbvN
):
  
app/controllers/users_controller.rb:32:in `block in create'
app/controllers/users_controller.rb:29:in `create'
  Rendering /home/sunil/.rbenv/versions/2.3.1/lib/ruby/gems/2.3.0/gems/actionpack-5.0.0.1/lib/action_dispatch/middleware/templates/rescues/diagnostics.html.erb within rescues/layout
  Rendering /home/sunil/.rbenv/versions/2.3.1/lib/ruby/gems/2.3.0/gems/actionpack-5.0.0.1/lib/action_dispatch/middleware/templates/rescues/_source.html.erb
  Rendered /home/sunil/.rbenv/versions/2.3.1/lib/ruby/gems/2.3.0/gems/actionpack-5.0.0.1/lib/action_dispatch/middleware/templates/rescues/_source.html.erb (4.3ms)
  Rendering /home/sunil/.rbenv/versions/2.3.1/lib/ruby/gems/2.3.0/gems/actionpack-5.0.0.1/lib/action_dispatch/middleware/templates/rescues/_trace.html.erb
  Rendered /home/sunil/.rbenv/versions/2.3.1/lib/ruby/gems/2.3.0/gems/actionpack-5.0.0.1/lib/action_dispatch/middleware/templates/rescues/_trace.html.erb (1.9ms)
  Rendering /home/sunil/.rbenv/versions/2.3.1/lib/ruby/gems/2.3.0/gems/actionpack-5.0.0.1/lib/action_dispatch/middleware/templates/rescues/_request_and_response.html.erb
  Rendered /home/sunil/.rbenv/versions/2.3.1/lib/ruby/gems/2.3.0/gems/actionpack-5.0.0.1/lib/action_dispatch/middleware/templates/rescues/_request_and_response.html.erb (1.0ms)
  Rendered /home/sunil/.rbenv/versions/2.3.1/lib/ruby/gems/2.3.0/gems/actionpack-5.0.0.1/lib/action_dispatch/middleware/templates/rescues/diagnostics.html.erb within rescues/layout (23.9ms)
Started GET "/users" for 127.0.0.1 at 2016-10-15 16:51:30 +0530
  [1m[36mActiveRecord::SchemaMigration Load (0.1ms)[0m  [1m[34mSELECT "schema_migrations".* FROM "schema_migrations"[0m
Processing by UsersController#index as HTML
  Rendering users/index.html.erb within layouts/application
  [1m[36mUser Load (0.4ms)[0m  [1m[34mSELECT "users".* FROM "users"[0m
  Rendered users/index.html.erb within layouts/application (14.4ms)
Completed 200 OK in 235ms (Views: 224.6ms | ActiveRecord: 1.0ms)


Started GET "/users/new" for 127.0.0.1 at 2016-10-15 16:51:32 +0530
Processing by UsersController#new as HTML
  Rendering users/new.html.erb within layouts/application
  Rendered users/_form.html.erb (19.6ms)
  Rendered users/new.html.erb within layouts/application (21.5ms)
Completed 200 OK in 45ms (Views: 43.4ms | ActiveRecord: 0.0ms)


Started POST "/users" for 127.0.0.1 at 2016-10-15 16:51:39 +0530
Processing by UsersController#create as HTML
  Parameters: {"utf8"=>"✓", "authenticity_token"=>"aVE9rW1QSULFcCrbRUBPu5mQLO4br12H5B2BCRG54r8eRL79aQag/YE9ZercklDFrPmufDNOGwTAKlRc7zH4Qw==", "user"=>{"name"=>"sunil ji", "email"=>"mandiwalsunil91@gmail.com"}, "commit"=>"Create User"}
  [1m[35m (0.2ms)[0m  [1m[36mbegin transaction[0m
  [1m[35mSQL (0.3ms)[0m  [1m[32mINSERT INTO "users" ("name", "email", "created_at", "updated_at") VALUES (?, ?, ?, ?)[0m  [["name", "sunil ji"], ["email", "mandiwalsunil91@gmail.com"], ["created_at", 2016-10-15 11:21:39 UTC], ["updated_at", 2016-10-15 11:21:39 UTC]]
  [1m[35m (161.6ms)[0m  [1m[36mcommit transaction[0m
  Rendering example_mailer/sample_email.html.erb within layouts/mailer
  Rendered example_mailer/sample_email.html.erb within layouts/mailer (0.4ms)
  Rendering example_mailer/sample_email.text.erb within layouts/mailer
  Rendered example_mailer/sample_email.text.erb within layouts/mailer (0.2ms)
ExampleMailer#sample_email: processed outbound mail in 128.0ms
Sent mail to mandiwalsunil91@gmail.com (1318.4ms)
Date: Sat, 15 Oct 2016 16:51:40 +0530
From: mandiwalsunil91@gmail.com
To: mandiwalsunil91@gmail.com
Message-ID: <58021144ead1_34962ab89fc461ac83d7@sunil-desktop.mail>
Subject: Sample Email
Mime-Version: 1.0
Content-Type: multipart/alternative;
 boundary="--==_mimepart_58021144d96c_34962ab89fc461ac8229";
 charset=UTF-8
Content-Transfer-Encoding: 7bit


----==_mimepart_58021144d96c_34962ab89fc461ac8229
Content-Type: text/plain;
 charset=UTF-8
Content-Transfer-Encoding: 7bit

Hi sunil ji
Sample mail sent using smtp.



----==_mimepart_58021144d96c_34962ab89fc461ac8229
Content-Type: text/html;
 charset=UTF-8
Content-Transfer-Encoding: 7bit

<!DOCTYPE html>
<html>
  <head>
    <meta http-equiv="Content-Type" content="text/html; charset=utf-8" />
    <style>
      /* Email styles need to be inline */
    </style>
  </head>

  <body>
    <!DOCTYPE html>
<html>
  <head>
    <meta content='text/html; charset=UTF-8' http-equiv='Content-Type' />
  </head>
  <body>
    <h1>Hisunil ji</h1>
    <p>
      Sample mail sent using smtp.
    </p>
  </body>
</html>


  </body>
</html>

----==_mimepart_58021144d96c_34962ab89fc461ac8229--

Completed 500 Internal Server Error in 1991ms (ActiveRecord: 162.1ms)


  
Net::SMTPAuthenticationError (534-5.7.14 <https://accounts.google.com/signin/continue?sarp=1&scc=1&plt=AKgnsbsl
):
  
app/controllers/users_controller.rb:32:in `block in create'
app/controllers/users_controller.rb:29:in `create'
  Rendering /home/sunil/.rbenv/versions/2.3.1/lib/ruby/gems/2.3.0/gems/actionpack-5.0.0.1/lib/action_dispatch/middleware/templates/rescues/diagnostics.html.erb within rescues/layout
  Rendering /home/sunil/.rbenv/versions/2.3.1/lib/ruby/gems/2.3.0/gems/actionpack-5.0.0.1/lib/action_dispatch/middleware/templates/rescues/_source.html.erb
  Rendered /home/sunil/.rbenv/versions/2.3.1/lib/ruby/gems/2.3.0/gems/actionpack-5.0.0.1/lib/action_dispatch/middleware/templates/rescues/_source.html.erb (4.3ms)
  Rendering /home/sunil/.rbenv/versions/2.3.1/lib/ruby/gems/2.3.0/gems/actionpack-5.0.0.1/lib/action_dispatch/middleware/templates/rescues/_trace.html.erb
  Rendered /home/sunil/.rbenv/versions/2.3.1/lib/ruby/gems/2.3.0/gems/actionpack-5.0.0.1/lib/action_dispatch/middleware/templates/rescues/_trace.html.erb (1.8ms)
  Rendering /home/sunil/.rbenv/versions/2.3.1/lib/ruby/gems/2.3.0/gems/actionpack-5.0.0.1/lib/action_dispatch/middleware/templates/rescues/_request_and_response.html.erb
  Rendered /home/sunil/.rbenv/versions/2.3.1/lib/ruby/gems/2.3.0/gems/actionpack-5.0.0.1/lib/action_dispatch/middleware/templates/rescues/_request_and_response.html.erb (1.2ms)
  Rendered /home/sunil/.rbenv/versions/2.3.1/lib/ruby/gems/2.3.0/gems/actionpack-5.0.0.1/lib/action_dispatch/middleware/templates/rescues/diagnostics.html.erb within rescues/layout (25.1ms)
Started GET "/users" for 127.0.0.1 at 2016-10-15 16:52:51 +0530
  [1m[36mActiveRecord::SchemaMigration Load (0.1ms)[0m  [1m[34mSELECT "schema_migrations".* FROM "schema_migrations"[0m
Processing by UsersController#index as HTML
  Rendering users/index.html.erb within layouts/application
  [1m[36mUser Load (0.2ms)[0m  [1m[34mSELECT "users".* FROM "users"[0m
  Rendered users/index.html.erb within layouts/application (14.4ms)
Completed 200 OK in 244ms (Views: 233.1ms | ActiveRecord: 0.6ms)


Started GET "/users/new" for 127.0.0.1 at 2016-10-15 16:52:53 +0530
Processing by UsersController#new as HTML
  Rendering users/new.html.erb within layouts/application
  Rendered users/_form.html.erb (19.0ms)
  Rendered users/new.html.erb within layouts/application (20.5ms)
Completed 200 OK in 44ms (Views: 42.4ms | ActiveRecord: 0.0ms)


Started POST "/users" for 127.0.0.1 at 2016-10-15 16:52:59 +0530
Processing by UsersController#create as HTML
  Parameters: {"utf8"=>"✓", "authenticity_token"=>"mybm6QJmTfenVRs7EmqODhZ6aNoJ8G/Cwrp1Tg5uBnLsM2W5BjCkSOMYVAqLuJFwIxPqSCERKUHmjaAb8OYcjg==", "user"=>{"name"=>"sunil ji . ", "email"=>"mandiwalsunil91@gmail.com"}, "commit"=>"Create User"}
  [1m[35m (0.2ms)[0m  [1m[36mbegin transaction[0m
  [1m[35mSQL (0.4ms)[0m  [1m[32mINSERT INTO "users" ("name", "email", "created_at", "updated_at") VALUES (?, ?, ?, ?)[0m  [["name", "sunil ji . "], ["email", "mandiwalsunil91@gmail.com"], ["created_at", 2016-10-15 11:22:59 UTC], ["updated_at", 2016-10-15 11:22:59 UTC]]
  [1m[35m (146.4ms)[0m  [1m[36mcommit transaction[0m
  Rendering example_mailer/sample_email.html.erb within layouts/mailer
  Rendered example_mailer/sample_email.html.erb within layouts/mailer (0.5ms)
  Rendering example_mailer/sample_email.text.erb within layouts/mailer
  Rendered example_mailer/sample_email.text.erb within layouts/mailer (0.4ms)
ExampleMailer#sample_email: processed outbound mail in 135.3ms
Completed 500 Internal Server Error in 1993ms (ActiveRecord: 146.9ms)


  
Net::SMTPAuthenticationError (534-5.7.14 <https://accounts.google.com/signin/continue?sarp=1&scc=1&plt=AKgnsbsb
):
  
app/controllers/users_controller.rb:32:in `block in create'
app/controllers/users_controller.rb:29:in `create'
  Rendering /home/sunil/.rbenv/versions/2.3.1/lib/ruby/gems/2.3.0/gems/actionpack-5.0.0.1/lib/action_dispatch/middleware/templates/rescues/diagnostics.html.erb within rescues/layout
  Rendering /home/sunil/.rbenv/versions/2.3.1/lib/ruby/gems/2.3.0/gems/actionpack-5.0.0.1/lib/action_dispatch/middleware/templates/rescues/_source.html.erb
  Rendered /home/sunil/.rbenv/versions/2.3.1/lib/ruby/gems/2.3.0/gems/actionpack-5.0.0.1/lib/action_dispatch/middleware/templates/rescues/_source.html.erb (3.9ms)
  Rendering /home/sunil/.rbenv/versions/2.3.1/lib/ruby/gems/2.3.0/gems/actionpack-5.0.0.1/lib/action_dispatch/middleware/templates/rescues/_trace.html.erb
  Rendered /home/sunil/.rbenv/versions/2.3.1/lib/ruby/gems/2.3.0/gems/actionpack-5.0.0.1/lib/action_dispatch/middleware/templates/rescues/_trace.html.erb (1.8ms)
  Rendering /home/sunil/.rbenv/versions/2.3.1/lib/ruby/gems/2.3.0/gems/actionpack-5.0.0.1/lib/action_dispatch/middleware/templates/rescues/_request_and_response.html.erb
  Rendered /home/sunil/.rbenv/versions/2.3.1/lib/ruby/gems/2.3.0/gems/actionpack-5.0.0.1/lib/action_dispatch/middleware/templates/rescues/_request_and_response.html.erb (1.2ms)
  Rendered /home/sunil/.rbenv/versions/2.3.1/lib/ruby/gems/2.3.0/gems/actionpack-5.0.0.1/lib/action_dispatch/middleware/templates/rescues/diagnostics.html.erb within rescues/layout (25.1ms)
Started GET "/users" for 127.0.0.1 at 2016-10-15 16:53:47 +0530
Processing by UsersController#index as HTML
  Rendering users/index.html.erb within layouts/application
  [1m[36mUser Load (0.3ms)[0m  [1m[34mSELECT "users".* FROM "users"[0m
  Rendered users/index.html.erb within layouts/application (6.5ms)
Completed 200 OK in 46ms (Views: 43.9ms | ActiveRecord: 0.3ms)


Started GET "/users/new" for 127.0.0.1 at 2016-10-15 16:54:11 +0530
Processing by UsersController#new as HTML
  Rendering users/new.html.erb within layouts/application
  Rendered users/_form.html.erb (3.8ms)
  Rendered users/new.html.erb within layouts/application (5.1ms)
Completed 200 OK in 27ms (Views: 25.4ms | ActiveRecord: 0.0ms)


Started POST "/users" for 127.0.0.1 at 2016-10-15 16:54:16 +0530
Processing by UsersController#create as HTML
  Parameters: {"utf8"=>"✓", "authenticity_token"=>"9tE4KsVPv0tWHyGm1Y20jrqjEJkHtPmAWfzeHHhYo8aBxLt6wRlW9BJSbpdMX6vwj8qSCy9VvwN9ywtJhtC5Og==", "user"=>{"name"=>"frgredg", "email"=>"mandiwalsunil91@gmail.com"}, "commit"=>"Create User"}
  [1m[35m (0.1ms)[0m  [1m[36mbegin transaction[0m
  [1m[35mSQL (0.4ms)[0m  [1m[32mINSERT INTO "users" ("name", "email", "created_at", "updated_at") VALUES (?, ?, ?, ?)[0m  [["name", "frgredg"], ["email", "mandiwalsunil91@gmail.com"], ["created_at", 2016-10-15 11:24:16 UTC], ["updated_at", 2016-10-15 11:24:16 UTC]]
  [1m[35m (245.2ms)[0m  [1m[36mcommit transaction[0m
  Rendering example_mailer/sample_email.html.erb within layouts/mailer
  Rendered example_mailer/sample_email.html.erb within layouts/mailer (0.5ms)
  Rendering example_mailer/sample_email.text.erb within layouts/mailer
  Rendered example_mailer/sample_email.text.erb within layouts/mailer (1.0ms)
ExampleMailer#sample_email: processed outbound mail in 14.0ms
Completed 500 Internal Server Error in 1841ms (ActiveRecord: 245.8ms)


  
Net::SMTPAuthenticationError (534-5.7.14 <https://accounts.google.com/signin/continue?sarp=1&scc=1&plt=AKgnsbsr
):
  
app/controllers/users_controller.rb:32:in `block in create'
app/controllers/users_controller.rb:29:in `create'
  Rendering /home/sunil/.rbenv/versions/2.3.1/lib/ruby/gems/2.3.0/gems/actionpack-5.0.0.1/lib/action_dispatch/middleware/templates/rescues/diagnostics.html.erb within rescues/layout
  Rendering /home/sunil/.rbenv/versions/2.3.1/lib/ruby/gems/2.3.0/gems/actionpack-5.0.0.1/lib/action_dispatch/middleware/templates/rescues/_source.html.erb
  Rendered /home/sunil/.rbenv/versions/2.3.1/lib/ruby/gems/2.3.0/gems/actionpack-5.0.0.1/lib/action_dispatch/middleware/templates/rescues/_source.html.erb (4.0ms)
  Rendering /home/sunil/.rbenv/versions/2.3.1/lib/ruby/gems/2.3.0/gems/actionpack-5.0.0.1/lib/action_dispatch/middleware/templates/rescues/_trace.html.erb
  Rendered /home/sunil/.rbenv/versions/2.3.1/lib/ruby/gems/2.3.0/gems/actionpack-5.0.0.1/lib/action_dispatch/middleware/templates/rescues/_trace.html.erb (1.9ms)
  Rendering /home/sunil/.rbenv/versions/2.3.1/lib/ruby/gems/2.3.0/gems/actionpack-5.0.0.1/lib/action_dispatch/middleware/templates/rescues/_request_and_response.html.erb
  Rendered /home/sunil/.rbenv/versions/2.3.1/lib/ruby/gems/2.3.0/gems/actionpack-5.0.0.1/lib/action_dispatch/middleware/templates/rescues/_request_and_response.html.erb (1.1ms)
  Rendered /home/sunil/.rbenv/versions/2.3.1/lib/ruby/gems/2.3.0/gems/actionpack-5.0.0.1/lib/action_dispatch/middleware/templates/rescues/diagnostics.html.erb within rescues/layout (25.5ms)
Started GET "/users" for 127.0.0.1 at 2016-10-15 17:01:56 +0530
Processing by UsersController#index as HTML
  Rendering users/index.html.erb within layouts/application
  [1m[36mUser Load (0.5ms)[0m  [1m[34mSELECT "users".* FROM "users"[0m
  Rendered users/index.html.erb within layouts/application (11.8ms)
Completed 200 OK in 61ms (Views: 56.2ms | ActiveRecord: 1.1ms)


Started GET "/users/new" for 127.0.0.1 at 2016-10-15 17:01:57 +0530
Processing by UsersController#new as HTML
  Rendering users/new.html.erb within layouts/application
  Rendered users/_form.html.erb (2.6ms)
  Rendered users/new.html.erb within layouts/application (3.6ms)
Completed 200 OK in 21ms (Views: 19.6ms | ActiveRecord: 0.0ms)


Started POST "/users" for 127.0.0.1 at 2016-10-15 17:02:00 +0530
Processing by UsersController#create as HTML
  Parameters: {"utf8"=>"✓", "authenticity_token"=>"n+QAa+SJE3znTHFuUm8GC2ByxWd41wQaM53qB5YgW1/o8YM74N/6w6MBPl/LvRl1VRtH9VA2QpkXqj9SaKhBow==", "user"=>{"name"=>"fg", "email"=>"mandiwalsunil91@gmail.com"}, "commit"=>"Create User"}
  [1m[35m (0.1ms)[0m  [1m[36mbegin transaction[0m
  [1m[35mSQL (0.5ms)[0m  [1m[32mINSERT INTO "users" ("name", "email", "created_at", "updated_at") VALUES (?, ?, ?, ?)[0m  [["name", "fg"], ["email", "mandiwalsunil91@gmail.com"], ["created_at", 2016-10-15 11:32:00 UTC], ["updated_at", 2016-10-15 11:32:00 UTC]]
  [1m[35m (160.1ms)[0m  [1m[36mcommit transaction[0m
  Rendering example_mailer/sample_email.html.erb within layouts/mailer
  Rendered example_mailer/sample_email.html.erb within layouts/mailer (0.8ms)
  Rendering example_mailer/sample_email.text.erb within layouts/mailer
  Rendered example_mailer/sample_email.text.erb within layouts/mailer (0.4ms)
ExampleMailer#sample_email: processed outbound mail in 16.0ms
Sent mail to mandiwalsunil91@gmail.com (3278.7ms)
Date: Sat, 15 Oct 2016 17:02:01 +0530
From: mandiwalsunil91@gmail.com
To: mandiwalsunil91@gmail.com
Message-ID: <580213b1234cf_35042b152b3236e09248f@sunil-desktop.mail>
Subject: Sample Email
Mime-Version: 1.0
Content-Type: multipart/alternative;
 boundary="--==_mimepart_580213b12273e_35042b152b3236e0923d0";
 charset=UTF-8
Content-Transfer-Encoding: 7bit


----==_mimepart_580213b12273e_35042b152b3236e0923d0
Content-Type: text/plain;
 charset=UTF-8
Content-Transfer-Encoding: 7bit

Hi fg
Sample mail sent using smtp.



----==_mimepart_580213b12273e_35042b152b3236e0923d0
Content-Type: text/html;
 charset=UTF-8
Content-Transfer-Encoding: 7bit

<!DOCTYPE html>
<html>
  <head>
    <meta http-equiv="Content-Type" content="text/html; charset=utf-8" />
    <style>
      /* Email styles need to be inline */
    </style>
  </head>

  <body>
    <!DOCTYPE html>
<html>
  <head>
    <meta content='text/html; charset=UTF-8' http-equiv='Content-Type' />
  </head>
  <body>
    <h1>Hifg</h1>
    <p>
      Sample mail sent using smtp.
    </p>
  </body>
</html>


  </body>
</html>

----==_mimepart_580213b12273e_35042b152b3236e0923d0--

Redirected to http://localhost:3000/users/12
Completed 302 Found in 3468ms (ActiveRecord: 160.7ms)


Started GET "/users/12" for 127.0.0.1 at 2016-10-15 17:02:04 +0530
Processing by UsersController#show as HTML
  Parameters: {"id"=>"12"}
  [1m[36mUser Load (0.3ms)[0m  [1m[34mSELECT  "users".* FROM "users" WHERE "users"."id" = ? LIMIT ?[0m  [["id", 12], ["LIMIT", 1]]
  Rendering users/show.html.erb within layouts/application
  Rendered users/show.html.erb within layouts/application (1.0ms)
Completed 200 OK in 40ms (Views: 22.5ms | ActiveRecord: 0.3ms)


Started GET "/users/" for 127.0.0.1 at 2016-10-15 17:02:32 +0530
  [1m[36mActiveRecord::SchemaMigration Load (0.1ms)[0m  [1m[34mSELECT "schema_migrations".* FROM "schema_migrations"[0m
Processing by UsersController#index as HTML
  Rendering users/index.html.erb within layouts/application
  [1m[36mUser Load (0.2ms)[0m  [1m[34mSELECT "users".* FROM "users"[0m
  Rendered users/index.html.erb within layouts/application (14.6ms)
Completed 200 OK in 223ms (Views: 213.1ms | ActiveRecord: 0.6ms)


Started DELETE "/users/12" for 127.0.0.1 at 2016-10-15 17:02:36 +0530
Processing by UsersController#destroy as HTML
  Parameters: {"authenticity_token"=>"dVJ6uT8auAlV+Dbdrl+QC6yXQ96kUa/+xBtiwmoNb+tOMwbwbY4s/lHMrZ19WUF2qLbATX1kXgYNLHB+YAxGBg==", "id"=>"12"}
  [1m[36mUser Load (0.2ms)[0m  [1m[34mSELECT  "users".* FROM "users" WHERE "users"."id" = ? LIMIT ?[0m  [["id", 12], ["LIMIT", 1]]
  [1m[35m (0.0ms)[0m  [1m[36mbegin transaction[0m
  [1m[35mSQL (0.2ms)[0m  [1m[31mDELETE FROM "users" WHERE "users"."id" = ?[0m  [["id", 12]]
  [1m[35m (71.0ms)[0m  [1m[36mcommit transaction[0m
Redirected to http://localhost:3000/users
Completed 302 Found in 81ms (ActiveRecord: 71.4ms)


Started GET "/users" for 127.0.0.1 at 2016-10-15 17:02:36 +0530
Processing by UsersController#index as HTML
  Rendering users/index.html.erb within layouts/application
  [1m[36mUser Load (0.2ms)[0m  [1m[34mSELECT "users".* FROM "users"[0m
  Rendered users/index.html.erb within layouts/application (3.8ms)
Completed 200 OK in 19ms (Views: 18.2ms | ActiveRecord: 0.2ms)


Started DELETE "/users/1" for 127.0.0.1 at 2016-10-15 17:02:38 +0530
Processing by UsersController#destroy as HTML
  Parameters: {"authenticity_token"=>"BTQHNAwXDZ5JCow5fIC1NQhWnlDX85B+ubbXpBY5IyE+VXt9XoOZaU0+F3mvhmRIDHcdww7GYYZwgcUYHDgKzA==", "id"=>"1"}
  [1m[36mUser Load (0.1ms)[0m  [1m[34mSELECT  "users".* FROM "users" WHERE "users"."id" = ? LIMIT ?[0m  [["id", 1], ["LIMIT", 1]]
  [1m[35m (0.1ms)[0m  [1m[36mbegin transaction[0m
  [1m[35mSQL (0.2ms)[0m  [1m[31mDELETE FROM "users" WHERE "users"."id" = ?[0m  [["id", 1]]
  [1m[35m (49.5ms)[0m  [1m[36mcommit transaction[0m
Redirected to http://localhost:3000/users
Completed 302 Found in 54ms (ActiveRecord: 49.9ms)


Started GET "/users" for 127.0.0.1 at 2016-10-15 17:02:38 +0530
Processing by UsersController#index as HTML
  Rendering users/index.html.erb within layouts/application
  [1m[36mUser Load (0.2ms)[0m  [1m[34mSELECT "users".* FROM "users"[0m
  Rendered users/index.html.erb within layouts/application (5.0ms)
Completed 200 OK in 30ms (Views: 28.6ms | ActiveRecord: 0.2ms)


Started DELETE "/users/2" for 127.0.0.1 at 2016-10-15 17:02:40 +0530
Processing by UsersController#destroy as HTML
  Parameters: {"authenticity_token"=>"/lCz6Yv2v4LAIkQzVExx1SdpX+p7xtAPQ9kd8Nbx0RTFMc+g2WIrdcQW33OHSqCoI0jceaLzIfeK7g9M3PD4+Q==", "id"=>"2"}
  [1m[36mUser Load (0.1ms)[0m  [1m[34mSELECT  "users".* FROM "users" WHERE "users"."id" = ? LIMIT ?[0m  [["id", 2], ["LIMIT", 1]]
  [1m[35m (0.1ms)[0m  [1m[36mbegin transaction[0m
  [1m[35mSQL (0.2ms)[0m  [1m[31mDELETE FROM "users" WHERE "users"."id" = ?[0m  [["id", 2]]
  [1m[35m (86.6ms)[0m  [1m[36mcommit transaction[0m
Redirected to http://localhost:3000/users
Completed 302 Found in 92ms (ActiveRecord: 87.1ms)


Started GET "/users" for 127.0.0.1 at 2016-10-15 17:02:40 +0530
Processing by UsersController#index as HTML
  Rendering users/index.html.erb within layouts/application
  [1m[36mUser Load (0.3ms)[0m  [1m[34mSELECT "users".* FROM "users"[0m
  Rendered users/index.html.erb within layouts/application (4.4ms)
Completed 200 OK in 27ms (Views: 25.5ms | ActiveRecord: 0.3ms)


Started DELETE "/users/3" for 127.0.0.1 at 2016-10-15 17:02:42 +0530
Processing by UsersController#destroy as HTML
  Parameters: {"authenticity_token"=>"aKf4JGNPxLg0KgcXlv15HN6LLEAiMFOo0I95KnXqquhTxoRtMdtQTzAenFdF+6hh2qqv0/sFolAZuGuWf+uDBQ==", "id"=>"3"}
  [1m[36mUser Load (0.1ms)[0m  [1m[34mSELECT  "users".* FROM "users" WHERE "users"."id" = ? LIMIT ?[0m  [["id", 3], ["LIMIT", 1]]
  [1m[35m (0.1ms)[0m  [1m[36mbegin transaction[0m
  [1m[35mSQL (1.0ms)[0m  [1m[31mDELETE FROM "users" WHERE "users"."id" = ?[0m  [["id", 3]]
  [1m[35m (58.2ms)[0m  [1m[36mcommit transaction[0m
Redirected to http://localhost:3000/users
Completed 302 Found in 64ms (ActiveRecord: 59.4ms)


Started GET "/users" for 127.0.0.1 at 2016-10-15 17:02:42 +0530
Processing by UsersController#index as HTML
  Rendering users/index.html.erb within layouts/application
  [1m[36mUser Load (0.2ms)[0m  [1m[34mSELECT "users".* FROM "users"[0m
  Rendered users/index.html.erb within layouts/application (2.8ms)
Completed 200 OK in 20ms (Views: 18.7ms | ActiveRecord: 0.2ms)


Started DELETE "/users/4" for 127.0.0.1 at 2016-10-15 17:02:43 +0530
Processing by UsersController#destroy as HTML
  Parameters: {"authenticity_token"=>"pzWqNRdGntJFWwK6oiVfRIezvIj8RIRqbA3r76b/+HScVNZ8RdIKJUFvmfpxI445g5I/GyVxdZKlOvlTrP7RmQ==", "id"=>"4"}
  [1m[36mUser Load (0.1ms)[0m  [1m[34mSELECT  "users".* FROM "users" WHERE "users"."id" = ? LIMIT ?[0m  [["id", 4], ["LIMIT", 1]]
  [1m[35m (0.1ms)[0m  [1m[36mbegin transaction[0m
  [1m[35mSQL (0.7ms)[0m  [1m[31mDELETE FROM "users" WHERE "users"."id" = ?[0m  [["id", 4]]
  [1m[35m (55.4ms)[0m  [1m[36mcommit transaction[0m
Redirected to http://localhost:3000/users
Completed 302 Found in 92ms (ActiveRecord: 56.3ms)


Started GET "/users" for 127.0.0.1 at 2016-10-15 17:02:43 +0530
Processing by UsersController#index as HTML
  Rendering users/index.html.erb within layouts/application
  [1m[36mUser Load (0.2ms)[0m  [1m[34mSELECT "users".* FROM "users"[0m
  Rendered users/index.html.erb within layouts/application (4.4ms)
Completed 200 OK in 30ms (Views: 28.5ms | ActiveRecord: 0.2ms)


Started DELETE "/users/5" for 127.0.0.1 at 2016-10-15 17:02:45 +0530
Processing by UsersController#destroy as HTML
  Parameters: {"authenticity_token"=>"R9Np8nANf02/wRT2pi2o8C3iMw7sLEGYpBMipiUvbYR8shW7Ipnrurv1j7Z1K3mNKcOwnTUZsGBtJDAaLy5EaQ==", "id"=>"5"}
  [1m[36mUser Load (0.1ms)[0m  [1m[34mSELECT  "users".* FROM "users" WHERE "users"."id" = ? LIMIT ?[0m  [["id", 5], ["LIMIT", 1]]
  [1m[35m (0.1ms)[0m  [1m[36mbegin transaction[0m
  [1m[35mSQL (0.9ms)[0m  [1m[31mDELETE FROM "users" WHERE "users"."id" = ?[0m  [["id", 5]]
  [1m[35m (53.6ms)[0m  [1m[36mcommit transaction[0m
Redirected to http://localhost:3000/users
Completed 302 Found in 59ms (ActiveRecord: 54.7ms)


Started GET "/users" for 127.0.0.1 at 2016-10-15 17:02:45 +0530
Processing by UsersController#index as HTML
  Rendering users/index.html.erb within layouts/application
  [1m[36mUser Load (0.2ms)[0m  [1m[34mSELECT "users".* FROM "users"[0m
  Rendered users/index.html.erb within layouts/application (4.5ms)
Completed 200 OK in 31ms (Views: 29.3ms | ActiveRecord: 0.2ms)


Started DELETE "/users/6" for 127.0.0.1 at 2016-10-15 17:02:47 +0530
Processing by UsersController#destroy as HTML
  Parameters: {"authenticity_token"=>"cov2AmBdVYeseEVjQOfmIlj57iFa+IshqZZwQjgnKidJ6opLMsnBcKhM3iOT4TdfXNhtsoPNetlgoWL+MiYDyg==", "id"=>"6"}
  [1m[36mUser Load (0.1ms)[0m  [1m[34mSELECT  "users".* FROM "users" WHERE "users"."id" = ? LIMIT ?[0m  [["id", 6], ["LIMIT", 1]]
  [1m[35m (0.1ms)[0m  [1m[36mbegin transaction[0m
  [1m[35mSQL (0.3ms)[0m  [1m[31mDELETE FROM "users" WHERE "users"."id" = ?[0m  [["id", 6]]
  [1m[35m (121.1ms)[0m  [1m[36mcommit transaction[0m
Redirected to http://localhost:3000/users
Completed 302 Found in 126ms (ActiveRecord: 121.6ms)


Started GET "/users" for 127.0.0.1 at 2016-10-15 17:02:47 +0530
Processing by UsersController#index as HTML
  Rendering users/index.html.erb within layouts/application
  [1m[36mUser Load (0.2ms)[0m  [1m[34mSELECT "users".* FROM "users"[0m
  Rendered users/index.html.erb within layouts/application (3.1ms)
Completed 200 OK in 30ms (Views: 28.1ms | ActiveRecord: 0.2ms)


Started DELETE "/users/7" for 127.0.0.1 at 2016-10-15 17:02:49 +0530
Processing by UsersController#destroy as HTML
  Parameters: {"authenticity_token"=>"gg7skbaesn72J/Qr/NMc9Fx5OehuVrhbi+haGAhNwCq5b5DY5AomifITb2sv1c2JWFi6e7djSaNC30ikAkzpxw==", "id"=>"7"}
  [1m[36mUser Load (0.2ms)[0m  [1m[34mSELECT  "users".* FROM "users" WHERE "users"."id" = ? LIMIT ?[0m  [["id", 7], ["LIMIT", 1]]
  [1m[35m (0.1ms)[0m  [1m[36mbegin transaction[0m
  [1m[35mSQL (0.4ms)[0m  [1m[31mDELETE FROM "users" WHERE "users"."id" = ?[0m  [["id", 7]]
  [1m[35m (51.2ms)[0m  [1m[36mcommit transaction[0m
Redirected to http://localhost:3000/users
Completed 302 Found in 58ms (ActiveRecord: 51.9ms)


Started GET "/users" for 127.0.0.1 at 2016-10-15 17:02:49 +0530
Processing by UsersController#index as HTML
  Rendering users/index.html.erb within layouts/application
  [1m[36mUser Load (0.3ms)[0m  [1m[34mSELECT "users".* FROM "users"[0m
  Rendered users/index.html.erb within layouts/application (4.3ms)
Completed 200 OK in 51ms (Views: 49.3ms | ActiveRecord: 0.3ms)


Started DELETE "/users/8" for 127.0.0.1 at 2016-10-15 17:02:51 +0530
Processing by UsersController#destroy as HTML
  Parameters: {"authenticity_token"=>"sgT2G0uZLWx+gg0z1Sky8Jx0JwnbdUEdzmnQMrtVJAWJZYpSGQ25m3q2lnMGL+ONmFWkmgJAsOUHXsKOsVQN6A==", "id"=>"8"}
  [1m[36mUser Load (0.1ms)[0m  [1m[34mSELECT  "users".* FROM "users" WHERE "users"."id" = ? LIMIT ?[0m  [["id", 8], ["LIMIT", 1]]
  [1m[35m (0.1ms)[0m  [1m[36mbegin transaction[0m
  [1m[35mSQL (0.2ms)[0m  [1m[31mDELETE FROM "users" WHERE "users"."id" = ?[0m  [["id", 8]]
  [1m[35m (66.9ms)[0m  [1m[36mcommit transaction[0m
Redirected to http://localhost:3000/users
Completed 302 Found in 72ms (ActiveRecord: 67.3ms)


Started GET "/users" for 127.0.0.1 at 2016-10-15 17:02:51 +0530
Processing by UsersController#index as HTML
  Rendering users/index.html.erb within layouts/application
  [1m[36mUser Load (0.2ms)[0m  [1m[34mSELECT "users".* FROM "users"[0m
  Rendered users/index.html.erb within layouts/application (3.4ms)
Completed 200 OK in 35ms (Views: 33.5ms | ActiveRecord: 0.2ms)


Started DELETE "/users/9" for 127.0.0.1 at 2016-10-15 17:02:52 +0530
Processing by UsersController#destroy as HTML
  Parameters: {"authenticity_token"=>"YqEIEx2fVeQr3FbDjR3cws7bBYseF85IVTxtGiBBwq1ZwHRaTwvBEy/ozYNeGw2/yvqGGMciP7CcC3+mKkDrQA==", "id"=>"9"}
  [1m[36mUser Load (0.1ms)[0m  [1m[34mSELECT  "users".* FROM "users" WHERE "users"."id" = ? LIMIT ?[0m  [["id", 9], ["LIMIT", 1]]
  [1m[35m (0.1ms)[0m  [1m[36mbegin transaction[0m
  [1m[35mSQL (0.6ms)[0m  [1m[31mDELETE FROM "users" WHERE "users"."id" = ?[0m  [["id", 9]]
  [1m[35m (45.4ms)[0m  [1m[36mcommit transaction[0m
Redirected to http://localhost:3000/users
Completed 302 Found in 51ms (ActiveRecord: 46.1ms)


Started GET "/users" for 127.0.0.1 at 2016-10-15 17:02:53 +0530
Processing by UsersController#index as HTML
  Rendering users/index.html.erb within layouts/application
  [1m[36mUser Load (0.2ms)[0m  [1m[34mSELECT "users".* FROM "users"[0m
  Rendered users/index.html.erb within layouts/application (2.9ms)
Completed 200 OK in 31ms (Views: 29.2ms | ActiveRecord: 0.2ms)


Started DELETE "/users/10" for 127.0.0.1 at 2016-10-15 17:02:54 +0530
Processing by UsersController#destroy as HTML
  Parameters: {"authenticity_token"=>"l41d6v9vzNon1/4jfMugxuEgEGsoqeP//MVBCwa3Ygus7CGjrftYLSPjZWOvzXG75QGT+PGcEgc18lO3DLZL5g==", "id"=>"10"}
  [1m[36mUser Load (0.1ms)[0m  [1m[34mSELECT  "users".* FROM "users" WHERE "users"."id" = ? LIMIT ?[0m  [["id", 10], ["LIMIT", 1]]
  [1m[35m (0.1ms)[0m  [1m[36mbegin transaction[0m
  [1m[35mSQL (0.2ms)[0m  [1m[31mDELETE FROM "users" WHERE "users"."id" = ?[0m  [["id", 10]]
  [1m[35m (50.2ms)[0m  [1m[36mcommit transaction[0m
Redirected to http://localhost:3000/users
Completed 302 Found in 55ms (ActiveRecord: 50.6ms)


Started GET "/users" for 127.0.0.1 at 2016-10-15 17:02:54 +0530
Processing by UsersController#index as HTML
  Rendering users/index.html.erb within layouts/application
  [1m[36mUser Load (0.2ms)[0m  [1m[34mSELECT "users".* FROM "users"[0m
  Rendered users/index.html.erb within layouts/application (2.9ms)
Completed 200 OK in 33ms (Views: 31.3ms | ActiveRecord: 0.2ms)


Started GET "/users/new" for 127.0.0.1 at 2016-10-15 17:02:56 +0530
Processing by UsersController#new as HTML
  Rendering users/new.html.erb within layouts/application
  Rendered users/_form.html.erb (27.6ms)
  Rendered users/new.html.erb within layouts/application (29.2ms)
Completed 200 OK in 51ms (Views: 49.1ms | ActiveRecord: 0.0ms)


Started POST "/users" for 127.0.0.1 at 2016-10-15 17:03:01 +0530
Processing by UsersController#create as HTML
  Parameters: {"utf8"=>"✓", "authenticity_token"=>"WjVN9l0siw00JzSy1JDAMq9wp1y54CTaYldQuSdGvJ8tIM6mWXpisnBqe4NNQt9MmhklzpEBYllGYIXs2c6mYw==", "user"=>{"name"=>"skm", "email"=>"mandiwalsunil91@gmail.com"}, "commit"=>"Create User"}
  [1m[35m (0.1ms)[0m  [1m[36mbegin transaction[0m
  [1m[35mSQL (1.1ms)[0m  [1m[32mINSERT INTO "users" ("name", "email", "created_at", "updated_at") VALUES (?, ?, ?, ?)[0m  [["name", "skm"], ["email", "mandiwalsunil91@gmail.com"], ["created_at", 2016-10-15 11:33:01 UTC], ["updated_at", 2016-10-15 11:33:01 UTC]]
  [1m[35m (134.8ms)[0m  [1m[36mcommit transaction[0m
  Rendering example_mailer/sample_email.html.erb within layouts/mailer
  Rendered example_mailer/sample_email.html.erb within layouts/mailer (0.3ms)
  Rendering example_mailer/sample_email.text.erb within layouts/mailer
  Rendered example_mailer/sample_email.text.erb within layouts/mailer (0.2ms)
ExampleMailer#sample_email: processed outbound mail in 92.8ms
Sent mail to mandiwalsunil91@gmail.com (3333.9ms)
Date: Sat, 15 Oct 2016 17:03:02 +0530
From: mandiwalsunil91@gmail.com
To: mandiwalsunil91@gmail.com
Message-ID: <580213ee3063d_35f12abbbd18e4b48931d@sunil-desktop.mail>
Subject: Sample Email
Mime-Version: 1.0
Content-Type: multipart/alternative;
 boundary="--==_mimepart_580213ee2f54d_35f12abbbd18e4b4892c7";
 charset=UTF-8
Content-Transfer-Encoding: 7bit


----==_mimepart_580213ee2f54d_35f12abbbd18e4b4892c7
Content-Type: text/plain;
 charset=UTF-8
Content-Transfer-Encoding: 7bit

Hi skm
Sample mail sent using smtp.



----==_mimepart_580213ee2f54d_35f12abbbd18e4b4892c7
Content-Type: text/html;
 charset=UTF-8
Content-Transfer-Encoding: 7bit

<!DOCTYPE html>
<html>
  <head>
    <meta http-equiv="Content-Type" content="text/html; charset=utf-8" />
    <style>
      /* Email styles need to be inline */
    </style>
  </head>

  <body>
    <!DOCTYPE html>
<html>
  <head>
    <meta content='text/html; charset=UTF-8' http-equiv='Content-Type' />
  </head>
  <body>
    <h1>Hiskm</h1>
    <p>
      Sample mail sent using smtp.
    </p>
  </body>
</html>


  </body>
</html>

----==_mimepart_580213ee2f54d_35f12abbbd18e4b4892c7--

Redirected to http://localhost:3000/users/13
Completed 302 Found in 3891ms (ActiveRecord: 136.0ms)


Started GET "/users/13" for 127.0.0.1 at 2016-10-15 17:03:05 +0530
Processing by UsersController#show as HTML
  Parameters: {"id"=>"13"}
  [1m[36mUser Load (0.1ms)[0m  [1m[34mSELECT  "users".* FROM "users" WHERE "users"."id" = ? LIMIT ?[0m  [["id", 13], ["LIMIT", 1]]
  Rendering users/show.html.erb within layouts/application
  Rendered users/show.html.erb within layouts/application (1.6ms)
Completed 200 OK in 29ms (Views: 26.2ms | ActiveRecord: 0.1ms)


Started GET "/users" for 127.0.0.1 at 2016-10-15 17:03:06 +0530
Processing by UsersController#index as HTML
  Rendering users/index.html.erb within layouts/application
  [1m[36mUser Load (0.3ms)[0m  [1m[34mSELECT "users".* FROM "users"[0m
  Rendered users/index.html.erb within layouts/application (3.9ms)
Completed 200 OK in 33ms (Views: 30.4ms | ActiveRecord: 0.3ms)


